2014-03-17 00:19:50,733 [Thread-8] ERROR StackTrace  - Full Stack Trace:
groovy.lang.MissingPropertyException: No such property: name for class: org.springframework.core.io.FileSystemResource
Possible solutions: file, path
	at org.codehaus.groovy.runtime.ScriptBytecodeAdapter.unwrap(ScriptBytecodeAdapter.java:50)
	at org.codehaus.groovy.runtime.InvokerHelper$getPropertySafe$0.call(Unknown Source)
	at org.codehaus.groovy.runtime.callsite.CallSiteArray.defaultCall(CallSiteArray.java:45)
	at org.codehaus.groovy.runtime.callsite.AbstractCallSite.call(AbstractCallSite.java:108)
	at org.codehaus.groovy.runtime.callsite.AbstractCallSite.call(AbstractCallSite.java:120)
	at org.codehaus.groovy.grails.orm.hibernate.cfg.HibernateUtils.enhanceSessionFactory(HibernateUtils.groovy:139)
	at org.codehaus.groovy.grails.orm.hibernate.cfg.HibernateUtils$enhanceSessionFactory$0.callStatic(Unknown Source)
	at org.codehaus.groovy.runtime.callsite.CallSiteArray.defaultCallStatic(CallSiteArray.java:53)
	at org.codehaus.groovy.grails.orm.hibernate.cfg.HibernateUtils$enhanceSessionFactory$0.callStatic(Unknown Source)
	at org.codehaus.groovy.grails.orm.hibernate.cfg.HibernateUtils.enhanceSessionFactories(HibernateUtils.groovy:91)
	at org.codehaus.groovy.grails.orm.hibernate.cfg.HibernateUtils$enhanceSessionFactories$1.call(Unknown Source)
	at org.codehaus.groovy.runtime.callsite.CallSiteArray.defaultCall(CallSiteArray.java:45)
	at org.codehaus.groovy.runtime.callsite.AbstractCallSite.call(AbstractCallSite.java:108)
	at org.codehaus.groovy.runtime.callsite.AbstractCallSite.call(AbstractCallSite.java:124)
	at grails.plugin.hibernate3.HibernatePluginSupport$__clinit__closure2_closure15.doCall(HibernatePluginSupport.groovy:409)
	at grails.plugin.hibernate3.HibernatePluginSupport$__clinit__closure2_closure15.doCall(HibernatePluginSupport.groovy)
	at sun.reflect.NativeMethodAccessorImpl.invoke0(Native Method)
	at sun.reflect.NativeMethodAccessorImpl.invoke(NativeMethodAccessorImpl.java:57)
	at sun.reflect.DelegatingMethodAccessorImpl.invoke(DelegatingMethodAccessorImpl.java:43)
	at java.lang.reflect.Method.invoke(Method.java:606)
	at org.springsource.loaded.ri.ReflectiveInterceptor.jlrMethodInvoke(ReflectiveInterceptor.java:1260)
	at org.codehaus.groovy.runtime.callsite.PogoMetaMethodSite$PogoCachedMethodSiteNoUnwrapNoCoerce.invoke(PogoMetaMethodSite.java:272)
	at org.codehaus.groovy.runtime.callsite.PogoMetaMethodSite.call(PogoMetaMethodSite.java:64)
	at org.codehaus.groovy.runtime.callsite.CallSiteArray.defaultCall(CallSiteArray.java:45)
	at org.codehaus.groovy.runtime.callsite.AbstractCallSite.call(AbstractCallSite.java:108)
	at org.codehaus.groovy.runtime.callsite.AbstractCallSite.call(AbstractCallSite.java:112)
	at grails.plugin.hibernate3.HibernatePluginSupport$__clinit__closure2.doCall(HibernatePluginSupport.groovy:430)
	at sun.reflect.NativeMethodAccessorImpl.invoke0(Native Method)
	at sun.reflect.NativeMethodAccessorImpl.invoke(NativeMethodAccessorImpl.java:57)
	at sun.reflect.DelegatingMethodAccessorImpl.invoke(DelegatingMethodAccessorImpl.java:43)
	at java.lang.reflect.Method.invoke(Method.java:606)
	at org.springsource.loaded.ri.ReflectiveInterceptor.jlrMethodInvoke(ReflectiveInterceptor.java:1260)
	at org.codehaus.groovy.reflection.CachedMethod.invoke(CachedMethod.java:90)
	at groovy.lang.MetaMethod.doMethodInvoke(MetaMethod.java:233)
	at groovy.lang.MetaClassImpl.invokeMethod(MetaClassImpl.java:1086)
	at groovy.lang.ExpandoMetaClass.invokeMethod(ExpandoMetaClass.java:1110)
	at groovy.lang.MetaClassImpl.invokeMethod(MetaClassImpl.java:910)
	at groovy.lang.Closure.call(Closure.java:411)
	at org.codehaus.groovy.grails.plugins.DefaultGrailsPlugin.invokeOnChangeListener(DefaultGrailsPlugin.java:767)
	at org.codehaus.groovy.grails.plugins.DefaultGrailsPlugin.notifyOfEvent(DefaultGrailsPlugin.java:716)
	at org.codehaus.groovy.grails.plugins.DefaultGrailsPluginManager.informObservers(DefaultGrailsPluginManager.java:243)
	at org.codehaus.groovy.grails.plugins.DefaultGrailsPlugin.notifyOfEvent(DefaultGrailsPlugin.java:732)
	at org.codehaus.groovy.grails.plugins.AbstractGrailsPluginManager.informOfClassChange(AbstractGrailsPluginManager.java:406)
	at org.codehaus.groovy.grails.plugins.AbstractGrailsPluginManager.informOfFileChange(AbstractGrailsPluginManager.java:367)
	at org.codehaus.groovy.grails.compiler.GrailsProjectWatcher.informPluginManager(GrailsProjectWatcher.java:243)
	at org.codehaus.groovy.grails.compiler.GrailsProjectWatcher.access$400(GrailsProjectWatcher.java:46)
	at org.codehaus.groovy.grails.compiler.GrailsProjectWatcher$1.onNew(GrailsProjectWatcher.java:169)
	at org.codehaus.groovy.grails.compiler.DirectoryWatcher.cacheFilesForDirectory(DirectoryWatcher.java:210)
	at org.codehaus.groovy.grails.compiler.DirectoryWatcher.checkForNewFiles(DirectoryWatcher.java:187)
	at org.codehaus.groovy.grails.compiler.DirectoryWatcher.run(DirectoryWatcher.java:163)
	at org.codehaus.groovy.grails.compiler.GrailsProjectWatcher.run(GrailsProjectWatcher.java:178)
	at java_lang_Runnable$run.call(Unknown Source)
	at org.codehaus.groovy.runtime.callsite.CallSiteArray.defaultCall(CallSiteArray.java:45)
	at org.codehaus.groovy.runtime.callsite.AbstractCallSite.call(AbstractCallSite.java:108)
	at org.codehaus.groovy.runtime.callsite.AbstractCallSite.call(AbstractCallSite.java:112)
	at org.codehaus.groovy.grails.cli.fork.ForkedGrailsProcess.startProjectWatcher(ForkedGrailsProcess.groovy:707)
	at sun.reflect.NativeMethodAccessorImpl.invoke0(Native Method)
	at sun.reflect.NativeMethodAccessorImpl.invoke(NativeMethodAccessorImpl.java:57)
	at sun.reflect.DelegatingMethodAccessorImpl.invoke(DelegatingMethodAccessorImpl.java:43)
	at java.lang.reflect.Method.invoke(Method.java:606)
	at org.springsource.loaded.ri.ReflectiveInterceptor.jlrMethodInvoke(ReflectiveInterceptor.java:1254)
	at org.codehaus.groovy.reflection.CachedMethod.invoke(CachedMethod.java:90)
	at groovy.lang.MetaMethod.doMethodInvoke(MetaMethod.java:233)
	at groovy.lang.MetaClassImpl.invokeMethod(MetaClassImpl.java:1086)
	at groovy.lang.MetaClassImpl.invokeMethod(MetaClassImpl.java:910)
	at groovy.lang.MetaClassImpl.invokeMethod(MetaClassImpl.java:1031)
	at groovy.lang.ExpandoMetaClass.invokeMethod(ExpandoMetaClass.java:1110)
	at groovy.lang.MetaClassImpl.invokeMethod(MetaClassImpl.java:910)
	at org.codehaus.groovy.runtime.callsite.PogoMetaClassSite.callCurrent(PogoMetaClassSite.java:66)
	at org.codehaus.groovy.runtime.callsite.CallSiteArray.defaultCallCurrent(CallSiteArray.java:49)
	at org.codehaus.groovy.runtime.callsite.AbstractCallSite.callCurrent(AbstractCallSite.java:133)
	at org.codehaus.groovy.runtime.callsite.AbstractCallSite.callCurrent(AbstractCallSite.java:145)
	at org.codehaus.groovy.grails.cli.fork.ForkedGrailsProcess$_setupReloading_closure16.doCall(ForkedGrailsProcess.groovy:696)
	at org.codehaus.groovy.grails.cli.fork.ForkedGrailsProcess$_setupReloading_closure16.doCall(ForkedGrailsProcess.groovy)
	at sun.reflect.NativeMethodAccessorImpl.invoke0(Native Method)
	at sun.reflect.NativeMethodAccessorImpl.invoke(NativeMethodAccessorImpl.java:57)
	at sun.reflect.DelegatingMethodAccessorImpl.invoke(DelegatingMethodAccessorImpl.java:43)
	at java.lang.reflect.Method.invoke(Method.java:606)
	at org.springsource.loaded.ri.ReflectiveInterceptor.jlrMethodInvoke(ReflectiveInterceptor.java:1254)
	at org.codehaus.groovy.reflection.CachedMethod.invoke(CachedMethod.java:90)
	at groovy.lang.MetaMethod.doMethodInvoke(MetaMethod.java:233)
	at groovy.lang.MetaClassImpl.invokeMethod(MetaClassImpl.java:1086)
	at groovy.lang.ExpandoMetaClass.invokeMethod(ExpandoMetaClass.java:1110)
	at groovy.lang.MetaClassImpl.invokeMethod(MetaClassImpl.java:910)
	at groovy.lang.Closure.call(Closure.java:411)
	at groovy.lang.Closure.call(Closure.java:405)
	at groovy.lang.Closure.run(Closure.java:492)
	at java.lang.Thread.run(Thread.java:744)
2014-03-17 00:19:50,738 [Thread-8] ERROR StackTrace  - Full Stack Trace:
groovy.lang.MissingPropertyException: No such property: name for class: org.springframework.core.io.FileSystemResource
Possible solutions: file, path
	at grails.plugin.hibernate3.HibernatePluginSupport$__clinit__closure2_closure15.doCall(HibernatePluginSupport.groovy:409)
	at grails.plugin.hibernate3.HibernatePluginSupport$__clinit__closure2.doCall(HibernatePluginSupport.groovy:430)
	at java.lang.Thread.run(Thread.java:744)
2014-03-17 00:19:50,739 [Thread-8] ERROR StackTrace  - Full Stack Trace:
groovy.lang.MissingPropertyException: No such property: name for class: org.springframework.core.io.FileSystemResource
Possible solutions: file, path
	at grails.plugin.hibernate3.HibernatePluginSupport$__clinit__closure2_closure15.doCall(HibernatePluginSupport.groovy:409)
	at grails.plugin.hibernate3.HibernatePluginSupport$__clinit__closure2.doCall(HibernatePluginSupport.groovy:430)
	at java.lang.Thread.run(Thread.java:744)
2014-03-17 00:19:50,740 [Thread-8] ERROR StackTrace  - Full Stack Trace:
groovy.lang.MissingPropertyException: No such property: name for class: org.springframework.core.io.FileSystemResource
Possible solutions: file, path
	at grails.plugin.hibernate3.HibernatePluginSupport$__clinit__closure2_closure15.doCall(HibernatePluginSupport.groovy:409)
	at grails.plugin.hibernate3.HibernatePluginSupport$__clinit__closure2.doCall(HibernatePluginSupport.groovy:430)
	at java.lang.Thread.run(Thread.java:744)
2014-03-17 00:35:44,146 [Thread-8] ERROR StackTrace  - Full Stack Trace:
groovy.lang.MissingMethodException: No signature of method: org.codehaus.groovy.grails.commons.DefaultGrailsApplication.isArtefactOfType() is applicable for argument types: (java.lang.String, org.springframework.core.io.FileSystemResource) values: [TagLib, file [/vagrant/Projetos/deposito-de-trabalhos/grails-app/controllers/trabalhos/UserController.groovy]]
Possible solutions: isArtefactOfType(java.lang.String, java.lang.Class), isArtefactOfType(java.lang.String, java.lang.String)
	at org.codehaus.groovy.runtime.ScriptBytecodeAdapter.unwrap(ScriptBytecodeAdapter.java:55)
	at org.codehaus.groovy.runtime.callsite.PogoMetaClassSite.call(PogoMetaClassSite.java:51)
	at org.codehaus.groovy.runtime.callsite.CallSiteArray.defaultCall(CallSiteArray.java:45)
	at org.codehaus.groovy.runtime.callsite.AbstractCallSite.call(AbstractCallSite.java:108)
	at org.codehaus.groovy.runtime.callsite.AbstractCallSite.call(AbstractCallSite.java:120)
	at org.codehaus.groovy.grails.plugins.web.GroovyPagesGrailsPlugin$_closure5.doCall(GroovyPagesGrailsPlugin.groovy:321)
	at sun.reflect.NativeMethodAccessorImpl.invoke0(Native Method)
	at sun.reflect.NativeMethodAccessorImpl.invoke(NativeMethodAccessorImpl.java:57)
	at sun.reflect.DelegatingMethodAccessorImpl.invoke(DelegatingMethodAccessorImpl.java:43)
	at java.lang.reflect.Method.invoke(Method.java:606)
	at org.springsource.loaded.ri.ReflectiveInterceptor.jlrMethodInvoke(ReflectiveInterceptor.java:1260)
	at org.codehaus.groovy.reflection.CachedMethod.invoke(CachedMethod.java:90)
	at groovy.lang.MetaMethod.doMethodInvoke(MetaMethod.java:233)
	at groovy.lang.MetaClassImpl.invokeMethod(MetaClassImpl.java:1086)
	at groovy.lang.ExpandoMetaClass.invokeMethod(ExpandoMetaClass.java:1110)
	at groovy.lang.MetaClassImpl.invokeMethod(MetaClassImpl.java:910)
	at groovy.lang.Closure.call(Closure.java:411)
	at org.codehaus.groovy.grails.plugins.DefaultGrailsPlugin.invokeOnChangeListener(DefaultGrailsPlugin.java:767)
	at org.codehaus.groovy.grails.plugins.DefaultGrailsPlugin.notifyOfEvent(DefaultGrailsPlugin.java:716)
	at org.codehaus.groovy.grails.plugins.DefaultGrailsPluginManager.informObservers(DefaultGrailsPluginManager.java:243)
	at org.codehaus.groovy.grails.plugins.DefaultGrailsPlugin.notifyOfEvent(DefaultGrailsPlugin.java:732)
	at org.codehaus.groovy.grails.plugins.AbstractGrailsPluginManager.informOfClassChange(AbstractGrailsPluginManager.java:406)
	at org.codehaus.groovy.grails.plugins.AbstractGrailsPluginManager.informOfFileChange(AbstractGrailsPluginManager.java:367)
	at org.codehaus.groovy.grails.compiler.GrailsProjectWatcher.informPluginManager(GrailsProjectWatcher.java:243)
	at org.codehaus.groovy.grails.compiler.GrailsProjectWatcher.access$400(GrailsProjectWatcher.java:46)
	at org.codehaus.groovy.grails.compiler.GrailsProjectWatcher$1.onNew(GrailsProjectWatcher.java:169)
	at org.codehaus.groovy.grails.compiler.DirectoryWatcher.cacheFilesForDirectory(DirectoryWatcher.java:210)
	at org.codehaus.groovy.grails.compiler.DirectoryWatcher.checkForNewFiles(DirectoryWatcher.java:187)
	at org.codehaus.groovy.grails.compiler.DirectoryWatcher.run(DirectoryWatcher.java:163)
	at org.codehaus.groovy.grails.compiler.GrailsProjectWatcher.run(GrailsProjectWatcher.java:178)
	at java_lang_Runnable$run.call(Unknown Source)
	at org.codehaus.groovy.runtime.callsite.CallSiteArray.defaultCall(CallSiteArray.java:45)
	at org.codehaus.groovy.runtime.callsite.AbstractCallSite.call(AbstractCallSite.java:108)
	at org.codehaus.groovy.runtime.callsite.AbstractCallSite.call(AbstractCallSite.java:112)
	at org.codehaus.groovy.grails.cli.fork.ForkedGrailsProcess.startProjectWatcher(ForkedGrailsProcess.groovy:707)
	at sun.reflect.NativeMethodAccessorImpl.invoke0(Native Method)
	at sun.reflect.NativeMethodAccessorImpl.invoke(NativeMethodAccessorImpl.java:57)
	at sun.reflect.DelegatingMethodAccessorImpl.invoke(DelegatingMethodAccessorImpl.java:43)
	at java.lang.reflect.Method.invoke(Method.java:606)
	at org.springsource.loaded.ri.ReflectiveInterceptor.jlrMethodInvoke(ReflectiveInterceptor.java:1254)
	at org.codehaus.groovy.reflection.CachedMethod.invoke(CachedMethod.java:90)
	at groovy.lang.MetaMethod.doMethodInvoke(MetaMethod.java:233)
	at groovy.lang.MetaClassImpl.invokeMethod(MetaClassImpl.java:1086)
	at groovy.lang.MetaClassImpl.invokeMethod(MetaClassImpl.java:910)
	at groovy.lang.MetaClassImpl.invokeMethod(MetaClassImpl.java:1031)
	at groovy.lang.ExpandoMetaClass.invokeMethod(ExpandoMetaClass.java:1110)
	at groovy.lang.MetaClassImpl.invokeMethod(MetaClassImpl.java:910)
	at org.codehaus.groovy.runtime.callsite.PogoMetaClassSite.callCurrent(PogoMetaClassSite.java:66)
	at org.codehaus.groovy.runtime.callsite.CallSiteArray.defaultCallCurrent(CallSiteArray.java:49)
	at org.codehaus.groovy.runtime.callsite.AbstractCallSite.callCurrent(AbstractCallSite.java:133)
	at org.codehaus.groovy.runtime.callsite.AbstractCallSite.callCurrent(AbstractCallSite.java:145)
	at org.codehaus.groovy.grails.cli.fork.ForkedGrailsProcess$_setupReloading_closure16.doCall(ForkedGrailsProcess.groovy:696)
	at org.codehaus.groovy.grails.cli.fork.ForkedGrailsProcess$_setupReloading_closure16.doCall(ForkedGrailsProcess.groovy)
	at sun.reflect.NativeMethodAccessorImpl.invoke0(Native Method)
	at sun.reflect.NativeMethodAccessorImpl.invoke(NativeMethodAccessorImpl.java:57)
	at sun.reflect.DelegatingMethodAccessorImpl.invoke(DelegatingMethodAccessorImpl.java:43)
	at java.lang.reflect.Method.invoke(Method.java:606)
	at org.springsource.loaded.ri.ReflectiveInterceptor.jlrMethodInvoke(ReflectiveInterceptor.java:1254)
	at org.codehaus.groovy.reflection.CachedMethod.invoke(CachedMethod.java:90)
	at groovy.lang.MetaMethod.doMethodInvoke(MetaMethod.java:233)
	at groovy.lang.MetaClassImpl.invokeMethod(MetaClassImpl.java:1086)
	at groovy.lang.ExpandoMetaClass.invokeMethod(ExpandoMetaClass.java:1110)
	at groovy.lang.MetaClassImpl.invokeMethod(MetaClassImpl.java:910)
	at groovy.lang.Closure.call(Closure.java:411)
	at groovy.lang.Closure.call(Closure.java:405)
	at groovy.lang.Closure.run(Closure.java:492)
	at java.lang.Thread.run(Thread.java:744)
2014-03-17 00:35:44,150 [Thread-8] ERROR StackTrace  - Full Stack Trace:
groovy.lang.MissingMethodException: No signature of method: org.codehaus.groovy.grails.commons.DefaultGrailsApplication.isArtefactOfType() is applicable for argument types: (java.lang.String, org.springframework.core.io.FileSystemResource) values: [TagLib, file [/vagrant/Projetos/deposito-de-trabalhos/grails-app/controllers/trabalhos/UserController.groovy]]
Possible solutions: isArtefactOfType(java.lang.String, java.lang.Class), isArtefactOfType(java.lang.String, java.lang.String)
	at java.lang.Thread.run(Thread.java:744)
2014-03-17 00:35:44,155 [Thread-8] ERROR StackTrace  - Full Stack Trace:
groovy.lang.MissingMethodException: No signature of method: org.codehaus.groovy.grails.commons.DefaultGrailsApplication.isArtefactOfType() is applicable for argument types: (java.lang.String, org.springframework.core.io.FileSystemResource) values: [TagLib, file [/vagrant/Projetos/deposito-de-trabalhos/grails-app/controllers/trabalhos/UserController.groovy]]
Possible solutions: isArtefactOfType(java.lang.String, java.lang.Class), isArtefactOfType(java.lang.String, java.lang.String)
	at java.lang.Thread.run(Thread.java:744)
2014-03-17 00:35:44,158 [Thread-8] ERROR StackTrace  - Full Stack Trace:
groovy.lang.MissingMethodException: No signature of method: org.codehaus.groovy.grails.commons.DefaultGrailsApplication.isArtefactOfType() is applicable for argument types: (java.lang.String, org.springframework.core.io.FileSystemResource) values: [TagLib, file [/vagrant/Projetos/deposito-de-trabalhos/grails-app/controllers/trabalhos/UserController.groovy]]
Possible solutions: isArtefactOfType(java.lang.String, java.lang.Class), isArtefactOfType(java.lang.String, java.lang.String)
	at java.lang.Thread.run(Thread.java:744)
2014-03-17 00:46:19,060 [Thread-8] ERROR StackTrace  - Full Stack Trace:
groovy.lang.MissingPropertyException: No such property: name for class: org.springframework.core.io.FileSystemResource
Possible solutions: file, path
	at org.codehaus.groovy.runtime.ScriptBytecodeAdapter.unwrap(ScriptBytecodeAdapter.java:50)
	at org.codehaus.groovy.runtime.InvokerHelper$getPropertySafe$0.call(Unknown Source)
	at org.codehaus.groovy.grails.orm.hibernate.cfg.HibernateUtils.enhanceSessionFactory(HibernateUtils.groovy:139)
	at org.codehaus.groovy.grails.orm.hibernate.cfg.HibernateUtils$enhanceSessionFactory$0.callStatic(Unknown Source)
	at org.codehaus.groovy.grails.orm.hibernate.cfg.HibernateUtils.enhanceSessionFactories(HibernateUtils.groovy:91)
	at org.codehaus.groovy.grails.orm.hibernate.cfg.HibernateUtils$enhanceSessionFactories$1.call(Unknown Source)
	at grails.plugin.hibernate3.HibernatePluginSupport$__clinit__closure2_closure15.doCall(HibernatePluginSupport.groovy:409)
	at grails.plugin.hibernate3.HibernatePluginSupport$__clinit__closure2_closure15.doCall(HibernatePluginSupport.groovy)
	at sun.reflect.NativeMethodAccessorImpl.invoke0(Native Method)
	at sun.reflect.NativeMethodAccessorImpl.invoke(NativeMethodAccessorImpl.java:57)
	at sun.reflect.DelegatingMethodAccessorImpl.invoke(DelegatingMethodAccessorImpl.java:43)
	at java.lang.reflect.Method.invoke(Method.java:606)
	at org.springsource.loaded.ri.ReflectiveInterceptor.jlrMethodInvoke(ReflectiveInterceptor.java:1260)
	at org.codehaus.groovy.runtime.callsite.PogoMetaMethodSite$PogoCachedMethodSiteNoUnwrapNoCoerce.invoke(PogoMetaMethodSite.java:272)
	at org.codehaus.groovy.runtime.callsite.PogoMetaMethodSite.call(PogoMetaMethodSite.java:64)
	at org.codehaus.groovy.runtime.callsite.AbstractCallSite.call(AbstractCallSite.java:112)
	at grails.plugin.hibernate3.HibernatePluginSupport$__clinit__closure2.doCall(HibernatePluginSupport.groovy:430)
	at sun.reflect.NativeMethodAccessorImpl.invoke0(Native Method)
	at sun.reflect.NativeMethodAccessorImpl.invoke(NativeMethodAccessorImpl.java:57)
	at sun.reflect.DelegatingMethodAccessorImpl.invoke(DelegatingMethodAccessorImpl.java:43)
	at java.lang.reflect.Method.invoke(Method.java:606)
	at org.springsource.loaded.ri.ReflectiveInterceptor.jlrMethodInvoke(ReflectiveInterceptor.java:1260)
	at org.codehaus.groovy.reflection.CachedMethod.invoke(CachedMethod.java:90)
	at groovy.lang.MetaMethod.doMethodInvoke(MetaMethod.java:233)
	at groovy.lang.MetaClassImpl.invokeMethod(MetaClassImpl.java:1086)
	at groovy.lang.ExpandoMetaClass.invokeMethod(ExpandoMetaClass.java:1110)
	at groovy.lang.MetaClassImpl.invokeMethod(MetaClassImpl.java:910)
	at groovy.lang.Closure.call(Closure.java:411)
	at org.codehaus.groovy.grails.plugins.DefaultGrailsPlugin.invokeOnChangeListener(DefaultGrailsPlugin.java:767)
	at org.codehaus.groovy.grails.plugins.DefaultGrailsPlugin.notifyOfEvent(DefaultGrailsPlugin.java:716)
	at org.codehaus.groovy.grails.plugins.DefaultGrailsPluginManager.informObservers(DefaultGrailsPluginManager.java:243)
	at org.codehaus.groovy.grails.plugins.DefaultGrailsPlugin.notifyOfEvent(DefaultGrailsPlugin.java:732)
	at org.codehaus.groovy.grails.plugins.AbstractGrailsPluginManager.informOfClassChange(AbstractGrailsPluginManager.java:406)
	at org.codehaus.groovy.grails.plugins.AbstractGrailsPluginManager.informOfFileChange(AbstractGrailsPluginManager.java:367)
	at org.codehaus.groovy.grails.compiler.GrailsProjectWatcher.informPluginManager(GrailsProjectWatcher.java:243)
	at org.codehaus.groovy.grails.compiler.GrailsProjectWatcher.access$400(GrailsProjectWatcher.java:46)
	at org.codehaus.groovy.grails.compiler.GrailsProjectWatcher$1.onNew(GrailsProjectWatcher.java:169)
	at org.codehaus.groovy.grails.compiler.DirectoryWatcher.cacheFilesForDirectory(DirectoryWatcher.java:210)
	at org.codehaus.groovy.grails.compiler.DirectoryWatcher.checkForNewFiles(DirectoryWatcher.java:187)
	at org.codehaus.groovy.grails.compiler.DirectoryWatcher.run(DirectoryWatcher.java:163)
	at org.codehaus.groovy.grails.compiler.GrailsProjectWatcher.run(GrailsProjectWatcher.java:178)
	at java_lang_Runnable$run.call(Unknown Source)
	at org.codehaus.groovy.runtime.callsite.CallSiteArray.defaultCall(CallSiteArray.java:45)
	at org.codehaus.groovy.runtime.callsite.AbstractCallSite.call(AbstractCallSite.java:108)
	at org.codehaus.groovy.runtime.callsite.AbstractCallSite.call(AbstractCallSite.java:112)
	at org.codehaus.groovy.grails.cli.fork.ForkedGrailsProcess.startProjectWatcher(ForkedGrailsProcess.groovy:707)
	at sun.reflect.NativeMethodAccessorImpl.invoke0(Native Method)
	at sun.reflect.NativeMethodAccessorImpl.invoke(NativeMethodAccessorImpl.java:57)
	at sun.reflect.DelegatingMethodAccessorImpl.invoke(DelegatingMethodAccessorImpl.java:43)
	at java.lang.reflect.Method.invoke(Method.java:606)
	at org.springsource.loaded.ri.ReflectiveInterceptor.jlrMethodInvoke(ReflectiveInterceptor.java:1254)
	at org.codehaus.groovy.reflection.CachedMethod.invoke(CachedMethod.java:90)
	at groovy.lang.MetaMethod.doMethodInvoke(MetaMethod.java:233)
	at groovy.lang.MetaClassImpl.invokeMethod(MetaClassImpl.java:1086)
	at groovy.lang.MetaClassImpl.invokeMethod(MetaClassImpl.java:910)
	at groovy.lang.MetaClassImpl.invokeMethod(MetaClassImpl.java:1031)
	at groovy.lang.ExpandoMetaClass.invokeMethod(ExpandoMetaClass.java:1110)
	at groovy.lang.MetaClassImpl.invokeMethod(MetaClassImpl.java:910)
	at org.codehaus.groovy.runtime.callsite.PogoMetaClassSite.callCurrent(PogoMetaClassSite.java:66)
	at org.codehaus.groovy.runtime.callsite.CallSiteArray.defaultCallCurrent(CallSiteArray.java:49)
	at org.codehaus.groovy.runtime.callsite.AbstractCallSite.callCurrent(AbstractCallSite.java:133)
	at org.codehaus.groovy.runtime.callsite.AbstractCallSite.callCurrent(AbstractCallSite.java:145)
	at org.codehaus.groovy.grails.cli.fork.ForkedGrailsProcess$_setupReloading_closure16.doCall(ForkedGrailsProcess.groovy:696)
	at org.codehaus.groovy.grails.cli.fork.ForkedGrailsProcess$_setupReloading_closure16.doCall(ForkedGrailsProcess.groovy)
	at sun.reflect.NativeMethodAccessorImpl.invoke0(Native Method)
	at sun.reflect.NativeMethodAccessorImpl.invoke(NativeMethodAccessorImpl.java:57)
	at sun.reflect.DelegatingMethodAccessorImpl.invoke(DelegatingMethodAccessorImpl.java:43)
	at java.lang.reflect.Method.invoke(Method.java:606)
	at org.springsource.loaded.ri.ReflectiveInterceptor.jlrMethodInvoke(ReflectiveInterceptor.java:1254)
	at org.codehaus.groovy.reflection.CachedMethod.invoke(CachedMethod.java:90)
	at groovy.lang.MetaMethod.doMethodInvoke(MetaMethod.java:233)
	at groovy.lang.MetaClassImpl.invokeMethod(MetaClassImpl.java:1086)
	at groovy.lang.ExpandoMetaClass.invokeMethod(ExpandoMetaClass.java:1110)
	at groovy.lang.MetaClassImpl.invokeMethod(MetaClassImpl.java:910)
	at groovy.lang.Closure.call(Closure.java:411)
	at groovy.lang.Closure.call(Closure.java:405)
	at groovy.lang.Closure.run(Closure.java:492)
	at java.lang.Thread.run(Thread.java:744)
2014-03-17 00:46:19,061 [Thread-8] ERROR StackTrace  - Full Stack Trace:
groovy.lang.MissingPropertyException: No such property: name for class: org.springframework.core.io.FileSystemResource
Possible solutions: file, path
	at grails.plugin.hibernate3.HibernatePluginSupport$__clinit__closure2_closure15.doCall(HibernatePluginSupport.groovy:409)
	at grails.plugin.hibernate3.HibernatePluginSupport$__clinit__closure2.doCall(HibernatePluginSupport.groovy:430)
	at java.lang.Thread.run(Thread.java:744)
2014-03-17 00:46:19,062 [Thread-8] ERROR StackTrace  - Full Stack Trace:
groovy.lang.MissingPropertyException: No such property: name for class: org.springframework.core.io.FileSystemResource
Possible solutions: file, path
	at grails.plugin.hibernate3.HibernatePluginSupport$__clinit__closure2_closure15.doCall(HibernatePluginSupport.groovy:409)
	at grails.plugin.hibernate3.HibernatePluginSupport$__clinit__closure2.doCall(HibernatePluginSupport.groovy:430)
	at java.lang.Thread.run(Thread.java:744)
2014-03-17 00:46:19,062 [Thread-8] ERROR StackTrace  - Full Stack Trace:
groovy.lang.MissingPropertyException: No such property: name for class: org.springframework.core.io.FileSystemResource
Possible solutions: file, path
	at grails.plugin.hibernate3.HibernatePluginSupport$__clinit__closure2_closure15.doCall(HibernatePluginSupport.groovy:409)
	at grails.plugin.hibernate3.HibernatePluginSupport$__clinit__closure2.doCall(HibernatePluginSupport.groovy:430)
	at java.lang.Thread.run(Thread.java:744)
2014-03-17 00:46:37,540 [Thread-8] ERROR StackTrace  - Full Stack Trace:
groovy.lang.MissingPropertyException: No such property: name for class: org.springframework.core.io.FileSystemResource
Possible solutions: file, path
	at org.codehaus.groovy.runtime.ScriptBytecodeAdapter.unwrap(ScriptBytecodeAdapter.java:50)
	at org.codehaus.groovy.runtime.InvokerHelper$getPropertySafe$0.call(Unknown Source)
	at org.codehaus.groovy.grails.orm.hibernate.cfg.HibernateUtils.enhanceSessionFactory(HibernateUtils.groovy:139)
	at org.codehaus.groovy.grails.orm.hibernate.cfg.HibernateUtils$enhanceSessionFactory$0.callStatic(Unknown Source)
	at org.codehaus.groovy.grails.orm.hibernate.cfg.HibernateUtils.enhanceSessionFactories(HibernateUtils.groovy:91)
	at org.codehaus.groovy.grails.orm.hibernate.cfg.HibernateUtils$enhanceSessionFactories$1.call(Unknown Source)
	at grails.plugin.hibernate3.HibernatePluginSupport$__clinit__closure2_closure15.doCall(HibernatePluginSupport.groovy:409)
	at grails.plugin.hibernate3.HibernatePluginSupport$__clinit__closure2_closure15.doCall(HibernatePluginSupport.groovy)
	at sun.reflect.NativeMethodAccessorImpl.invoke0(Native Method)
	at sun.reflect.NativeMethodAccessorImpl.invoke(NativeMethodAccessorImpl.java:57)
	at sun.reflect.DelegatingMethodAccessorImpl.invoke(DelegatingMethodAccessorImpl.java:43)
	at java.lang.reflect.Method.invoke(Method.java:606)
	at org.springsource.loaded.ri.ReflectiveInterceptor.jlrMethodInvoke(ReflectiveInterceptor.java:1260)
	at org.codehaus.groovy.runtime.callsite.PogoMetaMethodSite$PogoCachedMethodSiteNoUnwrapNoCoerce.invoke(PogoMetaMethodSite.java:272)
	at org.codehaus.groovy.runtime.callsite.PogoMetaMethodSite.call(PogoMetaMethodSite.java:64)
	at org.codehaus.groovy.runtime.callsite.AbstractCallSite.call(AbstractCallSite.java:112)
	at grails.plugin.hibernate3.HibernatePluginSupport$__clinit__closure2.doCall(HibernatePluginSupport.groovy:430)
	at sun.reflect.NativeMethodAccessorImpl.invoke0(Native Method)
	at sun.reflect.NativeMethodAccessorImpl.invoke(NativeMethodAccessorImpl.java:57)
	at sun.reflect.DelegatingMethodAccessorImpl.invoke(DelegatingMethodAccessorImpl.java:43)
	at java.lang.reflect.Method.invoke(Method.java:606)
	at org.springsource.loaded.ri.ReflectiveInterceptor.jlrMethodInvoke(ReflectiveInterceptor.java:1260)
	at org.codehaus.groovy.reflection.CachedMethod.invoke(CachedMethod.java:90)
	at groovy.lang.MetaMethod.doMethodInvoke(MetaMethod.java:233)
	at groovy.lang.MetaClassImpl.invokeMethod(MetaClassImpl.java:1086)
	at groovy.lang.ExpandoMetaClass.invokeMethod(ExpandoMetaClass.java:1110)
	at groovy.lang.MetaClassImpl.invokeMethod(MetaClassImpl.java:910)
	at groovy.lang.Closure.call(Closure.java:411)
	at org.codehaus.groovy.grails.plugins.DefaultGrailsPlugin.invokeOnChangeListener(DefaultGrailsPlugin.java:767)
	at org.codehaus.groovy.grails.plugins.DefaultGrailsPlugin.notifyOfEvent(DefaultGrailsPlugin.java:716)
	at org.codehaus.groovy.grails.plugins.DefaultGrailsPluginManager.informObservers(DefaultGrailsPluginManager.java:243)
	at org.codehaus.groovy.grails.plugins.DefaultGrailsPlugin.notifyOfEvent(DefaultGrailsPlugin.java:732)
	at org.codehaus.groovy.grails.plugins.AbstractGrailsPluginManager.informOfClassChange(AbstractGrailsPluginManager.java:406)
	at org.codehaus.groovy.grails.plugins.AbstractGrailsPluginManager.informOfFileChange(AbstractGrailsPluginManager.java:367)
	at org.codehaus.groovy.grails.compiler.GrailsProjectWatcher.informPluginManager(GrailsProjectWatcher.java:243)
	at org.codehaus.groovy.grails.compiler.GrailsProjectWatcher.access$400(GrailsProjectWatcher.java:46)
	at org.codehaus.groovy.grails.compiler.GrailsProjectWatcher$1.onNew(GrailsProjectWatcher.java:169)
	at org.codehaus.groovy.grails.compiler.DirectoryWatcher.cacheFilesForDirectory(DirectoryWatcher.java:210)
	at org.codehaus.groovy.grails.compiler.DirectoryWatcher.checkForNewFiles(DirectoryWatcher.java:187)
	at org.codehaus.groovy.grails.compiler.DirectoryWatcher.run(DirectoryWatcher.java:163)
	at org.codehaus.groovy.grails.compiler.GrailsProjectWatcher.run(GrailsProjectWatcher.java:178)
	at java_lang_Runnable$run.call(Unknown Source)
	at org.codehaus.groovy.runtime.callsite.CallSiteArray.defaultCall(CallSiteArray.java:45)
	at org.codehaus.groovy.runtime.callsite.AbstractCallSite.call(AbstractCallSite.java:108)
	at org.codehaus.groovy.runtime.callsite.AbstractCallSite.call(AbstractCallSite.java:112)
	at org.codehaus.groovy.grails.cli.fork.ForkedGrailsProcess.startProjectWatcher(ForkedGrailsProcess.groovy:707)
	at sun.reflect.NativeMethodAccessorImpl.invoke0(Native Method)
	at sun.reflect.NativeMethodAccessorImpl.invoke(NativeMethodAccessorImpl.java:57)
	at sun.reflect.DelegatingMethodAccessorImpl.invoke(DelegatingMethodAccessorImpl.java:43)
	at java.lang.reflect.Method.invoke(Method.java:606)
	at org.springsource.loaded.ri.ReflectiveInterceptor.jlrMethodInvoke(ReflectiveInterceptor.java:1254)
	at org.codehaus.groovy.reflection.CachedMethod.invoke(CachedMethod.java:90)
	at groovy.lang.MetaMethod.doMethodInvoke(MetaMethod.java:233)
	at groovy.lang.MetaClassImpl.invokeMethod(MetaClassImpl.java:1086)
	at groovy.lang.MetaClassImpl.invokeMethod(MetaClassImpl.java:910)
	at groovy.lang.MetaClassImpl.invokeMethod(MetaClassImpl.java:1031)
	at groovy.lang.ExpandoMetaClass.invokeMethod(ExpandoMetaClass.java:1110)
	at groovy.lang.MetaClassImpl.invokeMethod(MetaClassImpl.java:910)
	at org.codehaus.groovy.runtime.callsite.PogoMetaClassSite.callCurrent(PogoMetaClassSite.java:66)
	at org.codehaus.groovy.runtime.callsite.CallSiteArray.defaultCallCurrent(CallSiteArray.java:49)
	at org.codehaus.groovy.runtime.callsite.AbstractCallSite.callCurrent(AbstractCallSite.java:133)
	at org.codehaus.groovy.runtime.callsite.AbstractCallSite.callCurrent(AbstractCallSite.java:145)
	at org.codehaus.groovy.grails.cli.fork.ForkedGrailsProcess$_setupReloading_closure16.doCall(ForkedGrailsProcess.groovy:696)
	at org.codehaus.groovy.grails.cli.fork.ForkedGrailsProcess$_setupReloading_closure16.doCall(ForkedGrailsProcess.groovy)
	at sun.reflect.NativeMethodAccessorImpl.invoke0(Native Method)
	at sun.reflect.NativeMethodAccessorImpl.invoke(NativeMethodAccessorImpl.java:57)
	at sun.reflect.DelegatingMethodAccessorImpl.invoke(DelegatingMethodAccessorImpl.java:43)
	at java.lang.reflect.Method.invoke(Method.java:606)
	at org.springsource.loaded.ri.ReflectiveInterceptor.jlrMethodInvoke(ReflectiveInterceptor.java:1254)
	at org.codehaus.groovy.reflection.CachedMethod.invoke(CachedMethod.java:90)
	at groovy.lang.MetaMethod.doMethodInvoke(MetaMethod.java:233)
	at groovy.lang.MetaClassImpl.invokeMethod(MetaClassImpl.java:1086)
	at groovy.lang.ExpandoMetaClass.invokeMethod(ExpandoMetaClass.java:1110)
	at groovy.lang.MetaClassImpl.invokeMethod(MetaClassImpl.java:910)
	at groovy.lang.Closure.call(Closure.java:411)
	at groovy.lang.Closure.call(Closure.java:405)
	at groovy.lang.Closure.run(Closure.java:492)
	at java.lang.Thread.run(Thread.java:744)
2014-03-17 00:46:37,541 [Thread-8] ERROR StackTrace  - Full Stack Trace:
groovy.lang.MissingPropertyException: No such property: name for class: org.springframework.core.io.FileSystemResource
Possible solutions: file, path
	at grails.plugin.hibernate3.HibernatePluginSupport$__clinit__closure2_closure15.doCall(HibernatePluginSupport.groovy:409)
	at grails.plugin.hibernate3.HibernatePluginSupport$__clinit__closure2.doCall(HibernatePluginSupport.groovy:430)
	at java.lang.Thread.run(Thread.java:744)
2014-03-17 00:46:37,541 [Thread-8] ERROR StackTrace  - Full Stack Trace:
groovy.lang.MissingPropertyException: No such property: name for class: org.springframework.core.io.FileSystemResource
Possible solutions: file, path
	at grails.plugin.hibernate3.HibernatePluginSupport$__clinit__closure2_closure15.doCall(HibernatePluginSupport.groovy:409)
	at grails.plugin.hibernate3.HibernatePluginSupport$__clinit__closure2.doCall(HibernatePluginSupport.groovy:430)
	at java.lang.Thread.run(Thread.java:744)
2014-03-17 00:46:37,542 [Thread-8] ERROR StackTrace  - Full Stack Trace:
groovy.lang.MissingPropertyException: No such property: name for class: org.springframework.core.io.FileSystemResource
Possible solutions: file, path
	at grails.plugin.hibernate3.HibernatePluginSupport$__clinit__closure2_closure15.doCall(HibernatePluginSupport.groovy:409)
	at grails.plugin.hibernate3.HibernatePluginSupport$__clinit__closure2.doCall(HibernatePluginSupport.groovy:430)
	at java.lang.Thread.run(Thread.java:744)
2014-03-17 00:47:19,583 [Thread-8] ERROR StackTrace  - Full Stack Trace:
groovy.lang.MissingPropertyException: No such property: name for class: org.springframework.core.io.FileSystemResource
Possible solutions: file, path
	at org.codehaus.groovy.runtime.ScriptBytecodeAdapter.unwrap(ScriptBytecodeAdapter.java:50)
	at org.codehaus.groovy.runtime.InvokerHelper$getPropertySafe$0.call(Unknown Source)
	at org.codehaus.groovy.grails.orm.hibernate.cfg.HibernateUtils.enhanceSessionFactory(HibernateUtils.groovy:139)
	at org.codehaus.groovy.grails.orm.hibernate.cfg.HibernateUtils$enhanceSessionFactory$0.callStatic(Unknown Source)
	at org.codehaus.groovy.grails.orm.hibernate.cfg.HibernateUtils.enhanceSessionFactories(HibernateUtils.groovy:91)
	at org.codehaus.groovy.grails.orm.hibernate.cfg.HibernateUtils$enhanceSessionFactories$1.call(Unknown Source)
	at grails.plugin.hibernate3.HibernatePluginSupport$__clinit__closure2_closure15.doCall(HibernatePluginSupport.groovy:409)
	at grails.plugin.hibernate3.HibernatePluginSupport$__clinit__closure2_closure15.doCall(HibernatePluginSupport.groovy)
	at sun.reflect.NativeMethodAccessorImpl.invoke0(Native Method)
	at sun.reflect.NativeMethodAccessorImpl.invoke(NativeMethodAccessorImpl.java:57)
	at sun.reflect.DelegatingMethodAccessorImpl.invoke(DelegatingMethodAccessorImpl.java:43)
	at java.lang.reflect.Method.invoke(Method.java:606)
	at org.springsource.loaded.ri.ReflectiveInterceptor.jlrMethodInvoke(ReflectiveInterceptor.java:1260)
	at org.codehaus.groovy.runtime.callsite.PogoMetaMethodSite$PogoCachedMethodSiteNoUnwrapNoCoerce.invoke(PogoMetaMethodSite.java:272)
	at org.codehaus.groovy.runtime.callsite.PogoMetaMethodSite.call(PogoMetaMethodSite.java:64)
	at org.codehaus.groovy.runtime.callsite.AbstractCallSite.call(AbstractCallSite.java:112)
	at grails.plugin.hibernate3.HibernatePluginSupport$__clinit__closure2.doCall(HibernatePluginSupport.groovy:430)
	at sun.reflect.NativeMethodAccessorImpl.invoke0(Native Method)
	at sun.reflect.NativeMethodAccessorImpl.invoke(NativeMethodAccessorImpl.java:57)
	at sun.reflect.DelegatingMethodAccessorImpl.invoke(DelegatingMethodAccessorImpl.java:43)
	at java.lang.reflect.Method.invoke(Method.java:606)
	at org.springsource.loaded.ri.ReflectiveInterceptor.jlrMethodInvoke(ReflectiveInterceptor.java:1260)
	at org.codehaus.groovy.reflection.CachedMethod.invoke(CachedMethod.java:90)
	at groovy.lang.MetaMethod.doMethodInvoke(MetaMethod.java:233)
	at groovy.lang.MetaClassImpl.invokeMethod(MetaClassImpl.java:1086)
	at groovy.lang.ExpandoMetaClass.invokeMethod(ExpandoMetaClass.java:1110)
	at groovy.lang.MetaClassImpl.invokeMethod(MetaClassImpl.java:910)
	at groovy.lang.Closure.call(Closure.java:411)
	at org.codehaus.groovy.grails.plugins.DefaultGrailsPlugin.invokeOnChangeListener(DefaultGrailsPlugin.java:767)
	at org.codehaus.groovy.grails.plugins.DefaultGrailsPlugin.notifyOfEvent(DefaultGrailsPlugin.java:716)
	at org.codehaus.groovy.grails.plugins.DefaultGrailsPluginManager.informObservers(DefaultGrailsPluginManager.java:243)
	at org.codehaus.groovy.grails.plugins.DefaultGrailsPlugin.notifyOfEvent(DefaultGrailsPlugin.java:732)
	at org.codehaus.groovy.grails.plugins.AbstractGrailsPluginManager.informOfClassChange(AbstractGrailsPluginManager.java:406)
	at org.codehaus.groovy.grails.plugins.AbstractGrailsPluginManager.informOfFileChange(AbstractGrailsPluginManager.java:367)
	at org.codehaus.groovy.grails.compiler.GrailsProjectWatcher.informPluginManager(GrailsProjectWatcher.java:243)
	at org.codehaus.groovy.grails.compiler.GrailsProjectWatcher.access$400(GrailsProjectWatcher.java:46)
	at org.codehaus.groovy.grails.compiler.GrailsProjectWatcher$1.onNew(GrailsProjectWatcher.java:169)
	at org.codehaus.groovy.grails.compiler.DirectoryWatcher.cacheFilesForDirectory(DirectoryWatcher.java:210)
	at org.codehaus.groovy.grails.compiler.DirectoryWatcher.checkForNewFiles(DirectoryWatcher.java:187)
	at org.codehaus.groovy.grails.compiler.DirectoryWatcher.run(DirectoryWatcher.java:163)
	at org.codehaus.groovy.grails.compiler.GrailsProjectWatcher.run(GrailsProjectWatcher.java:178)
	at java_lang_Runnable$run.call(Unknown Source)
	at org.codehaus.groovy.runtime.callsite.CallSiteArray.defaultCall(CallSiteArray.java:45)
	at org.codehaus.groovy.runtime.callsite.AbstractCallSite.call(AbstractCallSite.java:108)
	at org.codehaus.groovy.runtime.callsite.AbstractCallSite.call(AbstractCallSite.java:112)
	at org.codehaus.groovy.grails.cli.fork.ForkedGrailsProcess.startProjectWatcher(ForkedGrailsProcess.groovy:707)
	at sun.reflect.NativeMethodAccessorImpl.invoke0(Native Method)
	at sun.reflect.NativeMethodAccessorImpl.invoke(NativeMethodAccessorImpl.java:57)
	at sun.reflect.DelegatingMethodAccessorImpl.invoke(DelegatingMethodAccessorImpl.java:43)
	at java.lang.reflect.Method.invoke(Method.java:606)
	at org.springsource.loaded.ri.ReflectiveInterceptor.jlrMethodInvoke(ReflectiveInterceptor.java:1254)
	at org.codehaus.groovy.reflection.CachedMethod.invoke(CachedMethod.java:90)
	at groovy.lang.MetaMethod.doMethodInvoke(MetaMethod.java:233)
	at groovy.lang.MetaClassImpl.invokeMethod(MetaClassImpl.java:1086)
	at groovy.lang.MetaClassImpl.invokeMethod(MetaClassImpl.java:910)
	at groovy.lang.MetaClassImpl.invokeMethod(MetaClassImpl.java:1031)
	at groovy.lang.ExpandoMetaClass.invokeMethod(ExpandoMetaClass.java:1110)
	at groovy.lang.MetaClassImpl.invokeMethod(MetaClassImpl.java:910)
	at org.codehaus.groovy.runtime.callsite.PogoMetaClassSite.callCurrent(PogoMetaClassSite.java:66)
	at org.codehaus.groovy.runtime.callsite.CallSiteArray.defaultCallCurrent(CallSiteArray.java:49)
	at org.codehaus.groovy.runtime.callsite.AbstractCallSite.callCurrent(AbstractCallSite.java:133)
	at org.codehaus.groovy.runtime.callsite.AbstractCallSite.callCurrent(AbstractCallSite.java:145)
	at org.codehaus.groovy.grails.cli.fork.ForkedGrailsProcess$_setupReloading_closure16.doCall(ForkedGrailsProcess.groovy:696)
	at org.codehaus.groovy.grails.cli.fork.ForkedGrailsProcess$_setupReloading_closure16.doCall(ForkedGrailsProcess.groovy)
	at sun.reflect.NativeMethodAccessorImpl.invoke0(Native Method)
	at sun.reflect.NativeMethodAccessorImpl.invoke(NativeMethodAccessorImpl.java:57)
	at sun.reflect.DelegatingMethodAccessorImpl.invoke(DelegatingMethodAccessorImpl.java:43)
	at java.lang.reflect.Method.invoke(Method.java:606)
	at org.springsource.loaded.ri.ReflectiveInterceptor.jlrMethodInvoke(ReflectiveInterceptor.java:1254)
	at org.codehaus.groovy.reflection.CachedMethod.invoke(CachedMethod.java:90)
	at groovy.lang.MetaMethod.doMethodInvoke(MetaMethod.java:233)
	at groovy.lang.MetaClassImpl.invokeMethod(MetaClassImpl.java:1086)
	at groovy.lang.ExpandoMetaClass.invokeMethod(ExpandoMetaClass.java:1110)
	at groovy.lang.MetaClassImpl.invokeMethod(MetaClassImpl.java:910)
	at groovy.lang.Closure.call(Closure.java:411)
	at groovy.lang.Closure.call(Closure.java:405)
	at groovy.lang.Closure.run(Closure.java:492)
	at java.lang.Thread.run(Thread.java:744)
2014-03-17 00:47:19,586 [Thread-8] ERROR StackTrace  - Full Stack Trace:
groovy.lang.MissingPropertyException: No such property: name for class: org.springframework.core.io.FileSystemResource
Possible solutions: file, path
	at grails.plugin.hibernate3.HibernatePluginSupport$__clinit__closure2_closure15.doCall(HibernatePluginSupport.groovy:409)
	at grails.plugin.hibernate3.HibernatePluginSupport$__clinit__closure2.doCall(HibernatePluginSupport.groovy:430)
	at java.lang.Thread.run(Thread.java:744)
2014-03-17 00:47:19,587 [Thread-8] ERROR StackTrace  - Full Stack Trace:
groovy.lang.MissingPropertyException: No such property: name for class: org.springframework.core.io.FileSystemResource
Possible solutions: file, path
	at grails.plugin.hibernate3.HibernatePluginSupport$__clinit__closure2_closure15.doCall(HibernatePluginSupport.groovy:409)
	at grails.plugin.hibernate3.HibernatePluginSupport$__clinit__closure2.doCall(HibernatePluginSupport.groovy:430)
	at java.lang.Thread.run(Thread.java:744)
2014-03-17 00:47:19,587 [Thread-8] ERROR StackTrace  - Full Stack Trace:
groovy.lang.MissingPropertyException: No such property: name for class: org.springframework.core.io.FileSystemResource
Possible solutions: file, path
	at grails.plugin.hibernate3.HibernatePluginSupport$__clinit__closure2_closure15.doCall(HibernatePluginSupport.groovy:409)
	at grails.plugin.hibernate3.HibernatePluginSupport$__clinit__closure2.doCall(HibernatePluginSupport.groovy:430)
	at java.lang.Thread.run(Thread.java:744)
2014-03-17 21:49:43,772 [Thread-8] ERROR StackTrace  - Full Stack Trace:
java.lang.IllegalArgumentException: Dynamic method is<Artefact>Class(artefactClass) requires a single Class parameter
	at org.codehaus.groovy.grails.commons.DefaultGrailsApplication.invokeMethod(DefaultGrailsApplication.java:692)
	at org.codehaus.groovy.runtime.callsite.PogoMetaClassSite.call(PogoMetaClassSite.java:45)
	at org.codehaus.groovy.runtime.callsite.CallSiteArray.defaultCall(CallSiteArray.java:45)
	at org.codehaus.groovy.runtime.callsite.AbstractCallSite.call(AbstractCallSite.java:108)
	at org.codehaus.groovy.runtime.callsite.AbstractCallSite.call(AbstractCallSite.java:116)
	at SpringSecurityCoreGrailsPlugin$_closure5.doCall(SpringSecurityCoreGrailsPlugin.groovy:708)
	at sun.reflect.NativeMethodAccessorImpl.invoke0(Native Method)
	at sun.reflect.NativeMethodAccessorImpl.invoke(NativeMethodAccessorImpl.java:57)
	at sun.reflect.DelegatingMethodAccessorImpl.invoke(DelegatingMethodAccessorImpl.java:43)
	at java.lang.reflect.Method.invoke(Method.java:606)
	at org.springsource.loaded.ri.OriginalClassInvoker.invoke(OriginalClassInvoker.java:47)
	at org.springsource.loaded.ri.ReflectiveInterceptor.jlrMethodInvoke(ReflectiveInterceptor.java:1283)
	at org.codehaus.groovy.reflection.CachedMethod.invoke(CachedMethod.java:90)
	at groovy.lang.MetaMethod.doMethodInvoke(MetaMethod.java:233)
	at groovy.lang.MetaClassImpl.invokeMethod(MetaClassImpl.java:1086)
	at groovy.lang.ExpandoMetaClass.invokeMethod(ExpandoMetaClass.java:1110)
	at groovy.lang.MetaClassImpl.invokeMethod(MetaClassImpl.java:910)
	at groovy.lang.Closure.call(Closure.java:411)
	at SpringSecurityCoreGrailsPlugin$_closure5.call(SpringSecurityCoreGrailsPlugin.groovy)
	at org.codehaus.groovy.grails.plugins.DefaultGrailsPlugin.invokeOnChangeListener(DefaultGrailsPlugin.java:767)
	at org.codehaus.groovy.grails.plugins.DefaultGrailsPlugin.notifyOfEvent(DefaultGrailsPlugin.java:716)
	at org.codehaus.groovy.grails.plugins.DefaultGrailsPluginManager.informObservers(DefaultGrailsPluginManager.java:243)
	at org.codehaus.groovy.grails.plugins.DefaultGrailsPlugin.notifyOfEvent(DefaultGrailsPlugin.java:732)
	at org.codehaus.groovy.grails.plugins.AbstractGrailsPluginManager.informOfClassChange(AbstractGrailsPluginManager.java:406)
	at org.codehaus.groovy.grails.plugins.AbstractGrailsPluginManager.informOfFileChange(AbstractGrailsPluginManager.java:367)
	at org.codehaus.groovy.grails.compiler.GrailsProjectWatcher.informPluginManager(GrailsProjectWatcher.java:243)
	at org.codehaus.groovy.grails.compiler.GrailsProjectWatcher.access$400(GrailsProjectWatcher.java:46)
	at org.codehaus.groovy.grails.compiler.GrailsProjectWatcher$1.onNew(GrailsProjectWatcher.java:169)
	at org.codehaus.groovy.grails.compiler.DirectoryWatcher.cacheFilesForDirectory(DirectoryWatcher.java:210)
	at org.codehaus.groovy.grails.compiler.DirectoryWatcher.checkForNewFiles(DirectoryWatcher.java:187)
	at org.codehaus.groovy.grails.compiler.DirectoryWatcher.run(DirectoryWatcher.java:163)
	at org.codehaus.groovy.grails.compiler.GrailsProjectWatcher.run(GrailsProjectWatcher.java:178)
	at java_lang_Runnable$run.call(Unknown Source)
	at org.codehaus.groovy.runtime.callsite.CallSiteArray.defaultCall(CallSiteArray.java:45)
	at org.codehaus.groovy.runtime.callsite.AbstractCallSite.call(AbstractCallSite.java:108)
	at org.codehaus.groovy.runtime.callsite.AbstractCallSite.call(AbstractCallSite.java:112)
	at org.codehaus.groovy.grails.cli.fork.ForkedGrailsProcess.startProjectWatcher(ForkedGrailsProcess.groovy:707)
	at sun.reflect.NativeMethodAccessorImpl.invoke0(Native Method)
	at sun.reflect.NativeMethodAccessorImpl.invoke(NativeMethodAccessorImpl.java:57)
	at sun.reflect.DelegatingMethodAccessorImpl.invoke(DelegatingMethodAccessorImpl.java:43)
	at java.lang.reflect.Method.invoke(Method.java:606)
	at org.springsource.loaded.ri.ReflectiveInterceptor.jlrMethodInvoke(ReflectiveInterceptor.java:1254)
	at org.codehaus.groovy.reflection.CachedMethod.invoke(CachedMethod.java:90)
	at groovy.lang.MetaMethod.doMethodInvoke(MetaMethod.java:233)
	at groovy.lang.MetaClassImpl.invokeMethod(MetaClassImpl.java:1086)
	at groovy.lang.MetaClassImpl.invokeMethod(MetaClassImpl.java:910)
	at groovy.lang.MetaClassImpl.invokeMethod(MetaClassImpl.java:1031)
	at groovy.lang.ExpandoMetaClass.invokeMethod(ExpandoMetaClass.java:1110)
	at groovy.lang.MetaClassImpl.invokeMethod(MetaClassImpl.java:910)
	at org.codehaus.groovy.runtime.callsite.PogoMetaClassSite.callCurrent(PogoMetaClassSite.java:66)
	at org.codehaus.groovy.runtime.callsite.CallSiteArray.defaultCallCurrent(CallSiteArray.java:49)
	at org.codehaus.groovy.runtime.callsite.AbstractCallSite.callCurrent(AbstractCallSite.java:133)
	at org.codehaus.groovy.runtime.callsite.AbstractCallSite.callCurrent(AbstractCallSite.java:145)
	at org.codehaus.groovy.grails.cli.fork.ForkedGrailsProcess$_setupReloading_closure16.doCall(ForkedGrailsProcess.groovy:696)
	at org.codehaus.groovy.grails.cli.fork.ForkedGrailsProcess$_setupReloading_closure16.doCall(ForkedGrailsProcess.groovy)
	at sun.reflect.NativeMethodAccessorImpl.invoke0(Native Method)
	at sun.reflect.NativeMethodAccessorImpl.invoke(NativeMethodAccessorImpl.java:57)
	at sun.reflect.DelegatingMethodAccessorImpl.invoke(DelegatingMethodAccessorImpl.java:43)
	at java.lang.reflect.Method.invoke(Method.java:606)
	at org.springsource.loaded.ri.ReflectiveInterceptor.jlrMethodInvoke(ReflectiveInterceptor.java:1254)
	at org.codehaus.groovy.reflection.CachedMethod.invoke(CachedMethod.java:90)
	at groovy.lang.MetaMethod.doMethodInvoke(MetaMethod.java:233)
	at groovy.lang.MetaClassImpl.invokeMethod(MetaClassImpl.java:1086)
	at groovy.lang.ExpandoMetaClass.invokeMethod(ExpandoMetaClass.java:1110)
	at groovy.lang.MetaClassImpl.invokeMethod(MetaClassImpl.java:910)
	at groovy.lang.Closure.call(Closure.java:411)
	at groovy.lang.Closure.call(Closure.java:405)
	at groovy.lang.Closure.run(Closure.java:492)
	at java.lang.Thread.run(Thread.java:744)
2014-03-17 21:49:43,807 [Thread-8] ERROR StackTrace  - Full Stack Trace:
java.lang.IllegalArgumentException: Dynamic method is<Artefact>Class(artefactClass) requires a single Class parameter
	at SpringSecurityCoreGrailsPlugin$_closure5.doCall(SpringSecurityCoreGrailsPlugin.groovy:708)
	at java.lang.Thread.run(Thread.java:744)
2014-03-17 21:49:43,810 [Thread-8] ERROR StackTrace  - Full Stack Trace:
java.lang.IllegalArgumentException: Dynamic method is<Artefact>Class(artefactClass) requires a single Class parameter
	at SpringSecurityCoreGrailsPlugin$_closure5.doCall(SpringSecurityCoreGrailsPlugin.groovy:708)
	at java.lang.Thread.run(Thread.java:744)
2014-03-17 21:49:43,810 [Thread-8] ERROR StackTrace  - Full Stack Trace:
java.lang.IllegalArgumentException: Dynamic method is<Artefact>Class(artefactClass) requires a single Class parameter
	at SpringSecurityCoreGrailsPlugin$_closure5.doCall(SpringSecurityCoreGrailsPlugin.groovy:708)
	at java.lang.Thread.run(Thread.java:744)
2014-03-17 23:50:37,159 [http-bio-8080-exec-10] ERROR StackTrace  - Full Stack Trace:
java.lang.NullPointerException
	at org.codehaus.groovy.grails.commons.DefaultGrailsControllerClass.mapsToURI(DefaultGrailsControllerClass.java:193)
	at org.codehaus.groovy.grails.commons.ControllerArtefactHandler.getArtefactForFeature(ControllerArtefactHandler.java:111)
	at org.codehaus.groovy.grails.commons.DefaultGrailsApplication.getArtefactForFeature(DefaultGrailsApplication.java:525)
	at grails.plugin.springsecurity.web.access.intercept.AnnotationFilterInvocationDefinition.isController(AnnotationFilterInvocationDefinition.java:167)
	at grails.plugin.springsecurity.web.access.intercept.AnnotationFilterInvocationDefinition.findGrailsUrl(AnnotationFilterInvocationDefinition.java:156)
	at grails.plugin.springsecurity.web.access.intercept.AnnotationFilterInvocationDefinition.determineUrl(AnnotationFilterInvocationDefinition.java:111)
	at grails.plugin.springsecurity.web.access.intercept.AbstractFilterInvocationDefinition.getAttributes(AbstractFilterInvocationDefinition.java:86)
	at org.springframework.security.access.intercept.AbstractSecurityInterceptor.beforeInvocation(AbstractSecurityInterceptor.java:174)
	at org.springframework.security.web.access.intercept.FilterSecurityInterceptor.invoke(FilterSecurityInterceptor.java:115)
	at org.springframework.security.web.access.intercept.FilterSecurityInterceptor.doFilter(FilterSecurityInterceptor.java:84)
	at org.springframework.security.web.FilterChainProxy$VirtualFilterChain.doFilter(FilterChainProxy.java:342)
	at org.springframework.security.web.access.ExceptionTranslationFilter.doFilter(ExceptionTranslationFilter.java:113)
	at org.springframework.security.web.FilterChainProxy$VirtualFilterChain.doFilter(FilterChainProxy.java:342)
	at grails.plugin.springsecurity.web.filter.GrailsAnonymousAuthenticationFilter.doFilter(GrailsAnonymousAuthenticationFilter.java:53)
	at org.springframework.security.web.FilterChainProxy$VirtualFilterChain.doFilter(FilterChainProxy.java:342)
	at org.springframework.security.web.authentication.rememberme.RememberMeAuthenticationFilter.doFilter(RememberMeAuthenticationFilter.java:146)
	at org.springframework.security.web.FilterChainProxy$VirtualFilterChain.doFilter(FilterChainProxy.java:342)
	at org.springframework.security.web.servletapi.SecurityContextHolderAwareRequestFilter.doFilter(SecurityContextHolderAwareRequestFilter.java:150)
	at org.springframework.security.web.FilterChainProxy$VirtualFilterChain.doFilter(FilterChainProxy.java:342)
	at org.springframework.security.web.authentication.AbstractAuthenticationProcessingFilter.doFilter(AbstractAuthenticationProcessingFilter.java:199)
	at grails.plugin.springsecurity.web.authentication.RequestHolderAuthenticationFilter.doFilter(RequestHolderAuthenticationFilter.java:49)
	at org.springframework.security.web.FilterChainProxy$VirtualFilterChain.doFilter(FilterChainProxy.java:342)
	at grails.plugin.springsecurity.web.authentication.logout.MutableLogoutFilter.doFilter(MutableLogoutFilter.java:82)
	at org.springframework.security.web.FilterChainProxy$VirtualFilterChain.doFilter(FilterChainProxy.java:342)
	at org.springframework.security.web.context.SecurityContextPersistenceFilter.doFilter(SecurityContextPersistenceFilter.java:87)
	at org.springframework.security.web.FilterChainProxy$VirtualFilterChain.doFilter(FilterChainProxy.java:342)
	at org.springframework.security.web.FilterChainProxy.doFilterInternal(FilterChainProxy.java:192)
	at org.springframework.security.web.FilterChainProxy.doFilter(FilterChainProxy.java:160)
	at org.springframework.web.filter.DelegatingFilterProxy.invokeDelegate(DelegatingFilterProxy.java:343)
	at org.springframework.web.filter.DelegatingFilterProxy.doFilter(DelegatingFilterProxy.java:260)
	at org.apache.catalina.core.ApplicationFilterChain.internalDoFilter(ApplicationFilterChain.java:243)
	at org.apache.catalina.core.ApplicationFilterChain.doFilter(ApplicationFilterChain.java:210)
	at org.codehaus.groovy.grails.web.servlet.mvc.GrailsWebRequestFilter.doFilterInternal(GrailsWebRequestFilter.java:69)
	at org.springframework.web.filter.OncePerRequestFilter.doFilter(OncePerRequestFilter.java:107)
	at org.apache.catalina.core.ApplicationFilterChain.internalDoFilter(ApplicationFilterChain.java:243)
	at org.apache.catalina.core.ApplicationFilterChain.doFilter(ApplicationFilterChain.java:210)
	at org.codehaus.groovy.grails.web.filters.HiddenHttpMethodFilter.doFilterInternal(HiddenHttpMethodFilter.java:67)
	at org.springframework.web.filter.OncePerRequestFilter.doFilter(OncePerRequestFilter.java:107)
	at org.apache.catalina.core.ApplicationFilterChain.internalDoFilter(ApplicationFilterChain.java:243)
	at org.apache.catalina.core.ApplicationFilterChain.doFilter(ApplicationFilterChain.java:210)
	at org.springframework.web.filter.CharacterEncodingFilter.doFilterInternal(CharacterEncodingFilter.java:88)
	at org.springframework.web.filter.OncePerRequestFilter.doFilter(OncePerRequestFilter.java:107)
	at org.springframework.web.filter.DelegatingFilterProxy.invokeDelegate(DelegatingFilterProxy.java:343)
	at org.springframework.web.filter.DelegatingFilterProxy.doFilter(DelegatingFilterProxy.java:260)
	at org.apache.catalina.core.ApplicationFilterChain.internalDoFilter(ApplicationFilterChain.java:243)
	at org.apache.catalina.core.ApplicationFilterChain.doFilter(ApplicationFilterChain.java:210)
	at org.apache.catalina.core.StandardWrapperValve.invoke(StandardWrapperValve.java:222)
	at org.apache.catalina.core.StandardContextValve.invoke(StandardContextValve.java:123)
	at org.apache.catalina.core.StandardHostValve.invoke(StandardHostValve.java:171)
	at org.apache.catalina.valves.ErrorReportValve.invoke(ErrorReportValve.java:100)
	at org.apache.catalina.core.StandardEngineValve.invoke(StandardEngineValve.java:118)
	at org.apache.catalina.connector.CoyoteAdapter.service(CoyoteAdapter.java:409)
	at org.apache.coyote.http11.AbstractHttp11Processor.process(AbstractHttp11Processor.java:1044)
	at org.apache.coyote.AbstractProtocol$AbstractConnectionHandler.process(AbstractProtocol.java:607)
	at org.apache.tomcat.util.net.JIoEndpoint$SocketProcessor.run(JIoEndpoint.java:315)
	at java.util.concurrent.ThreadPoolExecutor.runWorker(ThreadPoolExecutor.java:1145)
	at java.util.concurrent.ThreadPoolExecutor$Worker.run(ThreadPoolExecutor.java:615)
	at java.lang.Thread.run(Thread.java:744)
2014-03-17 23:50:37,170 [http-bio-8080-exec-10] ERROR StackTrace  - Full Stack Trace:
java.lang.NullPointerException
	at grails.plugin.springsecurity.web.access.intercept.AnnotationFilterInvocationDefinition.isController(AnnotationFilterInvocationDefinition.java:167)
	at grails.plugin.springsecurity.web.access.intercept.AnnotationFilterInvocationDefinition.findGrailsUrl(AnnotationFilterInvocationDefinition.java:156)
	at grails.plugin.springsecurity.web.access.intercept.AnnotationFilterInvocationDefinition.determineUrl(AnnotationFilterInvocationDefinition.java:111)
	at grails.plugin.springsecurity.web.access.intercept.AbstractFilterInvocationDefinition.getAttributes(AbstractFilterInvocationDefinition.java:86)
	at grails.plugin.springsecurity.web.filter.GrailsAnonymousAuthenticationFilter.doFilter(GrailsAnonymousAuthenticationFilter.java:53)
	at grails.plugin.springsecurity.web.authentication.RequestHolderAuthenticationFilter.doFilter(RequestHolderAuthenticationFilter.java:49)
	at grails.plugin.springsecurity.web.authentication.logout.MutableLogoutFilter.doFilter(MutableLogoutFilter.java:82)
	at java.util.concurrent.ThreadPoolExecutor.runWorker(ThreadPoolExecutor.java:1145)
	at java.util.concurrent.ThreadPoolExecutor$Worker.run(ThreadPoolExecutor.java:615)
	at java.lang.Thread.run(Thread.java:744)
2014-03-17 23:50:38,662 [http-bio-8080-exec-10] ERROR StackTrace  - Full Stack Trace:
java.lang.NullPointerException
	at grails.plugin.springsecurity.web.access.intercept.AnnotationFilterInvocationDefinition.isController(AnnotationFilterInvocationDefinition.java:167)
	at grails.plugin.springsecurity.web.access.intercept.AnnotationFilterInvocationDefinition.findGrailsUrl(AnnotationFilterInvocationDefinition.java:156)
	at grails.plugin.springsecurity.web.access.intercept.AnnotationFilterInvocationDefinition.determineUrl(AnnotationFilterInvocationDefinition.java:111)
	at grails.plugin.springsecurity.web.access.intercept.AbstractFilterInvocationDefinition.getAttributes(AbstractFilterInvocationDefinition.java:86)
	at grails.plugin.springsecurity.web.filter.GrailsAnonymousAuthenticationFilter.doFilter(GrailsAnonymousAuthenticationFilter.java:53)
	at grails.plugin.springsecurity.web.authentication.RequestHolderAuthenticationFilter.doFilter(RequestHolderAuthenticationFilter.java:49)
	at grails.plugin.springsecurity.web.authentication.logout.MutableLogoutFilter.doFilter(MutableLogoutFilter.java:82)
	at java.util.concurrent.ThreadPoolExecutor.runWorker(ThreadPoolExecutor.java:1145)
	at java.util.concurrent.ThreadPoolExecutor$Worker.run(ThreadPoolExecutor.java:615)
	at java.lang.Thread.run(Thread.java:744)
2014-03-17 23:50:38,663 [http-bio-8080-exec-10] ERROR StackTrace  - Full Stack Trace:
java.lang.NullPointerException
	at grails.plugin.springsecurity.web.access.intercept.AnnotationFilterInvocationDefinition.isController(AnnotationFilterInvocationDefinition.java:167)
	at grails.plugin.springsecurity.web.access.intercept.AnnotationFilterInvocationDefinition.findGrailsUrl(AnnotationFilterInvocationDefinition.java:156)
	at grails.plugin.springsecurity.web.access.intercept.AnnotationFilterInvocationDefinition.determineUrl(AnnotationFilterInvocationDefinition.java:111)
	at grails.plugin.springsecurity.web.access.intercept.AbstractFilterInvocationDefinition.getAttributes(AbstractFilterInvocationDefinition.java:86)
	at grails.plugin.springsecurity.web.filter.GrailsAnonymousAuthenticationFilter.doFilter(GrailsAnonymousAuthenticationFilter.java:53)
	at grails.plugin.springsecurity.web.authentication.RequestHolderAuthenticationFilter.doFilter(RequestHolderAuthenticationFilter.java:49)
	at grails.plugin.springsecurity.web.authentication.logout.MutableLogoutFilter.doFilter(MutableLogoutFilter.java:82)
	at java.util.concurrent.ThreadPoolExecutor.runWorker(ThreadPoolExecutor.java:1145)
	at java.util.concurrent.ThreadPoolExecutor$Worker.run(ThreadPoolExecutor.java:615)
	at java.lang.Thread.run(Thread.java:744)
